# JRE version: Java(TM) SE Runtime Environment (8.0_333-b02) (build 1.8.0_333-b02)
# Java VM: Java HotSpot(TM) 64-Bit Server VM (25.333-b02 mixed mode windows-amd64 compressed oops)
Heap:
 PSYoungGen      total 346624K, used 274966K [0x00000000d5d00000, 0x00000000ebc80000, 0x0000000100000000)
  eden space 341504K, 80% used [0x00000000d5d00000,0x00000000e696dab8,0x00000000eaa80000)
  from space 5120K, 1% used [0x00000000eb780000,0x00000000eb798000,0x00000000ebc80000)
  to   space 9216K, 0% used [0x00000000eaa80000,0x00000000eaa80000,0x00000000eb380000)
 ParOldGen       total 48128K, used 8812K [0x0000000081600000, 0x0000000084500000, 0x00000000d5d00000)
  object space 48128K, 18% used [0x0000000081600000,0x0000000081e9b380,0x0000000084500000)
 Metaspace       used 34731K, capacity 35120K, committed 35496K, reserved 1081344K
  class space    used 4239K, capacity 4326K, committed 4400K, reserved 1048576K
GC Heap History (10 events):
Event: 7.702 GC heap before
{Heap before GC invocations=7 (full 1):
 PSYoungGen      total 140288K, used 5966K [0x00000000d5d00000, 0x00000000dee00000, 0x0000000100000000)
  eden space 133120K, 0% used [0x00000000d5d00000,0x00000000d5d00000,0x00000000ddf00000)
  from space 7168K, 83% used [0x00000000de700000,0x00000000decd39c8,0x00000000dee00000)
  to   space 7680K, 0% used [0x00000000ddf00000,0x00000000ddf00000,0x00000000de680000)
 ParOldGen       total 87552K, used 5157K [0x0000000081600000, 0x0000000086b80000, 0x00000000d5d00000)
  object space 87552K, 5% used [0x0000000081600000,0x0000000081b095b0,0x0000000086b80000)
 Metaspace       used 21000K, capacity 21272K, committed 21296K, reserved 1069056K
  class space    used 2514K, capacity 2585K, committed 2608K, reserved 1048576K
Event: 7.736 GC heap after
Heap after GC invocations=7 (full 1):
 PSYoungGen      total 140288K, used 0K [0x00000000d5d00000, 0x00000000dee00000, 0x0000000100000000)
  eden space 133120K, 0% used [0x00000000d5d00000,0x00000000d5d00000,0x00000000ddf00000)
  from space 7168K, 0% used [0x00000000de700000,0x00000000de700000,0x00000000dee00000)
  to   space 7680K, 0% used [0x00000000ddf00000,0x00000000ddf00000,0x00000000de680000)
 ParOldGen       total 48128K, used 6552K [0x0000000081600000, 0x0000000084500000, 0x00000000d5d00000)
  object space 48128K, 13% used [0x0000000081600000,0x0000000081c66320,0x0000000084500000)
 Metaspace       used 21000K, capacity 21272K, committed 21296K, reserved 1069056K
  class space    used 2514K, capacity 2585K, committed 2608K, reserved 1048576K
}
Event: 11.566 GC heap before
{Heap before GC invocations=8 (full 1):
 PSYoungGen      total 140288K, used 133120K [0x00000000d5d00000, 0x00000000dee00000, 0x0000000100000000)
  eden space 133120K, 100% used [0x00000000d5d00000,0x00000000ddf00000,0x00000000ddf00000)
  from space 7168K, 0% used [0x00000000de700000,0x00000000de700000,0x00000000dee00000)
  to   space 7680K, 0% used [0x00000000ddf00000,0x00000000ddf00000,0x00000000de680000)
 ParOldGen       total 48128K, used 6552K [0x0000000081600000, 0x0000000084500000, 0x00000000d5d00000)
  object space 48128K, 13% used [0x0000000081600000,0x0000000081c66320,0x0000000084500000)
 Metaspace       used 25383K, capacity 25682K, committed 26032K, reserved 1073152K
  class space    used 3078K, capacity 3178K, committed 3248K, reserved 1048576K
Event: 11.572 GC heap after
Heap after GC invocations=8 (full 1):
 PSYoungGen      total 140800K, used 5110K [0x00000000d5d00000, 0x00000000e5700000, 0x0000000100000000)
  eden space 133120K, 0% used [0x00000000d5d00000,0x00000000d5d00000,0x00000000ddf00000)
  from space 7680K, 66% used [0x00000000ddf00000,0x00000000de3fdb50,0x00000000de680000)
  to   space 7680K, 0% used [0x00000000e4f80000,0x00000000e4f80000,0x00000000e5700000)
 ParOldGen       total 48128K, used 6560K [0x0000000081600000, 0x0000000084500000, 0x00000000d5d00000)
  object space 48128K, 13% used [0x0000000081600000,0x0000000081c68320,0x0000000084500000)
 Metaspace       used 25383K, capacity 25682K, committed 26032K, reserved 1073152K
  class space    used 3078K, capacity 3178K, committed 3248K, reserved 1048576K
}
Event: 11.848 GC heap before
{Heap before GC invocations=9 (full 1):
 PSYoungGen      total 140800K, used 138230K [0x00000000d5d00000, 0x00000000e5700000, 0x0000000100000000)
  eden space 133120K, 100% used [0x00000000d5d00000,0x00000000ddf00000,0x00000000ddf00000)
  from space 7680K, 66% used [0x00000000ddf00000,0x00000000de3fdb50,0x00000000de680000)
  to   space 7680K, 0% used [0x00000000e4f80000,0x00000000e4f80000,0x00000000e5700000)
 ParOldGen       total 48128K, used 6560K [0x0000000081600000, 0x0000000084500000, 0x00000000d5d00000)
  object space 48128K, 13% used [0x0000000081600000,0x0000000081c68320,0x0000000084500000)
 Metaspace       used 25383K, capacity 25682K, committed 26032K, reserved 1073152K
  class space    used 3078K, capacity 3178K, committed 3248K, reserved 1048576K
Event: 11.851 GC heap after
Heap after GC invocations=9 (full 1):
 PSYoungGen      total 244224K, used 2256K [0x00000000d5d00000, 0x00000000e5580000, 0x0000000100000000)
  eden space 238080K, 0% used [0x00000000d5d00000,0x00000000d5d00000,0x00000000e4580000)
  from space 6144K, 36% used [0x00000000e4f80000,0x00000000e51b4030,0x00000000e5580000)
  to   space 8192K, 0% used [0x00000000e4580000,0x00000000e4580000,0x00000000e4d80000)
 ParOldGen       total 48128K, used 6568K [0x0000000081600000, 0x0000000084500000, 0x00000000d5d00000)
  object space 48128K, 13% used [0x0000000081600000,0x0000000081c6a320,0x0000000084500000)
 Metaspace       used 25383K, capacity 25682K, committed 26032K, reserved 1073152K
  class space    used 3078K, capacity 3178K, committed 3248K, reserved 1048576K
}
Event: 12.426 GC heap before
{Heap before GC invocations=10 (full 1):
 PSYoungGen      total 244224K, used 240336K [0x00000000d5d00000, 0x00000000e5580000, 0x0000000100000000)
  eden space 238080K, 100% used [0x00000000d5d00000,0x00000000e4580000,0x00000000e4580000)
  from space 6144K, 36% used [0x00000000e4f80000,0x00000000e51b4030,0x00000000e5580000)
  to   space 8192K, 0% used [0x00000000e4580000,0x00000000e4580000,0x00000000e4d80000)
 ParOldGen       total 48128K, used 6568K [0x0000000081600000, 0x0000000084500000, 0x00000000d5d00000)
  object space 48128K, 13% used [0x0000000081600000,0x0000000081c6a320,0x0000000084500000)
 Metaspace       used 25390K, capacity 25682K, committed 26032K, reserved 1073152K
  class space    used 3079K, capacity 3178K, committed 3248K, reserved 1048576K
Event: 12.430 GC heap after
Heap after GC invocations=10 (full 1):
 PSYoungGen      total 246272K, used 2288K [0x00000000d5d00000, 0x00000000ec000000, 0x0000000100000000)
  eden space 238080K, 0% used [0x00000000d5d00000,0x00000000d5d00000,0x00000000e4580000)
  from space 8192K, 27% used [0x00000000e4580000,0x00000000e47bc030,0x00000000e4d80000)
  to   space 8704K, 0% used [0x00000000eb780000,0x00000000eb780000,0x00000000ec000000)
 ParOldGen       total 48128K, used 6576K [0x0000000081600000, 0x0000000084500000, 0x00000000d5d00000)
  object space 48128K, 13% used [0x0000000081600000,0x0000000081c6c320,0x0000000084500000)
 Metaspace       used 25390K, capacity 25682K, committed 26032K, reserved 1073152K
  class space    used 3079K, capacity 3178K, committed 3248K, reserved 1048576K
}
Event: 12.889 GC heap before
{Heap before GC invocations=11 (full 1):
 PSYoungGen      total 246272K, used 240368K [0x00000000d5d00000, 0x00000000ec000000, 0x0000000100000000)
  eden space 238080K, 100% used [0x00000000d5d00000,0x00000000e4580000,0x00000000e4580000)
  from space 8192K, 27% used [0x00000000e4580000,0x00000000e47bc030,0x00000000e4d80000)
  to   space 8704K, 0% used [0x00000000eb780000,0x00000000eb780000,0x00000000ec000000)
 ParOldGen       total 48128K, used 6576K [0x0000000081600000, 0x0000000084500000, 0x00000000d5d00000)
  object space 48128K, 13% used [0x0000000081600000,0x0000000081c6c320,0x0000000084500000)
 Metaspace       used 25390K, capacity 25682K, committed 26032K, reserved 1073152K
  class space    used 3079K, capacity 3178K, committed 3248K, reserved 1048576K
Event: 12.892 GC heap after
Heap after GC invocations=11 (full 1):
 PSYoungGen      total 346624K, used 96K [0x00000000d5d00000, 0x00000000ebc80000, 0x0000000100000000)
  eden space 341504K, 0% used [0x00000000d5d00000,0x00000000d5d00000,0x00000000eaa80000)
  from space 5120K, 1% used [0x00000000eb780000,0x00000000eb798000,0x00000000ebc80000)
  to   space 9216K, 0% used [0x00000000eaa80000,0x00000000eaa80000,0x00000000eb380000)
 ParOldGen       total 48128K, used 8812K [0x0000000081600000, 0x0000000084500000, 0x00000000d5d00000)
  object space 48128K, 18% used [0x0000000081600000,0x0000000081e9b380,0x0000000084500000)
 Metaspace       used 25390K, capacity 25682K, committed 26032K, reserved 1073152K
  class space    used 3079K, capacity 3178K, committed 3248K, reserved 1048576K
}

