# JRE version: Java(TM) SE Runtime Environment (8.0_181-b13) (build 1.8.0_181-b13)
# Java VM: Java HotSpot(TM) 64-Bit Server VM (25.181-b13 mixed mode windows-amd64 compressed oops)
Heap:
 PSYoungGen      total 195072K, used 121453K [0x00000000d5d00000, 0x00000000e7400000, 0x0000000100000000)
  eden space 182784K, 60% used [0x00000000d5d00000,0x00000000dc8d1e30,0x00000000e0f80000)
  from space 12288K, 89% used [0x00000000e0f80000,0x00000000e1a49618,0x00000000e1b80000)
  to   space 13312K, 0% used [0x00000000e6700000,0x00000000e6700000,0x00000000e7400000)
 ParOldGen       total 77824K, used 19739K [0x0000000081600000, 0x0000000086200000, 0x00000000d5d00000)
  object space 77824K, 25% used [0x0000000081600000,0x0000000082946cb0,0x0000000086200000)
 Metaspace       used 44212K, capacity 44800K, committed 45440K, reserved 1089536K
  class space    used 5496K, capacity 5634K, committed 5760K, reserved 1048576K
GC Heap History (10 events):
Event: 6.244 GC heap before
{Heap before GC invocations=9 (full 1):
 PSYoungGen      total 140288K, used 2676K [0x00000000d5d00000, 0x00000000def00000, 0x0000000100000000)
  eden space 132608K, 0% used [0x00000000d5d00000,0x00000000d5d00000,0x00000000dde80000)
  from space 7680K, 34% used [0x00000000de680000,0x00000000de91d350,0x00000000dee00000)
  to   space 8192K, 0% used [0x00000000dde80000,0x00000000dde80000,0x00000000de680000)
 ParOldGen       total 87552K, used 8546K [0x0000000081600000, 0x0000000086b80000, 0x00000000d5d00000)
  object space 87552K, 9% used [0x0000000081600000,0x0000000081e589e0,0x0000000086b80000)
 Metaspace       used 20706K, capacity 21098K, committed 21296K, reserved 1069056K
  class space    used 2504K, capacity 2601K, committed 2688K, reserved 1048576K
Event: 6.330 GC heap after
Heap after GC invocations=9 (full 1):
 PSYoungGen      total 140288K, used 0K [0x00000000d5d00000, 0x00000000def00000, 0x0000000100000000)
  eden space 132608K, 0% used [0x00000000d5d00000,0x00000000d5d00000,0x00000000dde80000)
  from space 7680K, 0% used [0x00000000de680000,0x00000000de680000,0x00000000dee00000)
  to   space 8192K, 0% used [0x00000000dde80000,0x00000000dde80000,0x00000000de680000)
 ParOldGen       total 52736K, used 7274K [0x0000000081600000, 0x0000000084980000, 0x00000000d5d00000)
  object space 52736K, 13% used [0x0000000081600000,0x0000000081d1ab90,0x0000000084980000)
 Metaspace       used 20706K, capacity 21098K, committed 21296K, reserved 1069056K
  class space    used 2504K, capacity 2601K, committed 2688K, reserved 1048576K
}
Event: 15.690 GC heap before
{Heap before GC invocations=10 (full 1):
 PSYoungGen      total 140288K, used 132608K [0x00000000d5d00000, 0x00000000def00000, 0x0000000100000000)
  eden space 132608K, 100% used [0x00000000d5d00000,0x00000000dde80000,0x00000000dde80000)
  from space 7680K, 0% used [0x00000000de680000,0x00000000de680000,0x00000000dee00000)
  to   space 8192K, 0% used [0x00000000dde80000,0x00000000dde80000,0x00000000de680000)
 ParOldGen       total 52736K, used 7274K [0x0000000081600000, 0x0000000084980000, 0x00000000d5d00000)
  object space 52736K, 13% used [0x0000000081600000,0x0000000081d1ab90,0x0000000084980000)
 Metaspace       used 30096K, capacity 30582K, committed 30848K, reserved 1077248K
  class space    used 3734K, capacity 3873K, committed 3968K, reserved 1048576K
Event: 15.700 GC heap after
Heap after GC invocations=10 (full 1):
 PSYoungGen      total 140800K, used 8178K [0x00000000d5d00000, 0x00000000e2700000, 0x0000000100000000)
  eden space 132608K, 0% used [0x00000000d5d00000,0x00000000d5d00000,0x00000000dde80000)
  from space 8192K, 99% used [0x00000000dde80000,0x00000000de67c9c8,0x00000000de680000)
  to   space 9728K, 0% used [0x00000000e1d80000,0x00000000e1d80000,0x00000000e2700000)
 ParOldGen       total 52736K, used 9485K [0x0000000081600000, 0x0000000084980000, 0x00000000d5d00000)
  object space 52736K, 17% used [0x0000000081600000,0x0000000081f43450,0x0000000084980000)
 Metaspace       used 30096K, capacity 30582K, committed 30848K, reserved 1077248K
  class space    used 3734K, capacity 3873K, committed 3968K, reserved 1048576K
}
Event: 17.654 GC heap before
{Heap before GC invocations=11 (full 1):
 PSYoungGen      total 140800K, used 56406K [0x00000000d5d00000, 0x00000000e2700000, 0x0000000100000000)
  eden space 132608K, 36% used [0x00000000d5d00000,0x00000000d8c19068,0x00000000dde80000)
  from space 8192K, 99% used [0x00000000dde80000,0x00000000de67c9c8,0x00000000de680000)
  to   space 9728K, 0% used [0x00000000e1d80000,0x00000000e1d80000,0x00000000e2700000)
 ParOldGen       total 52736K, used 9485K [0x0000000081600000, 0x0000000084980000, 0x00000000d5d00000)
  object space 52736K, 17% used [0x0000000081600000,0x0000000081f43450,0x0000000084980000)
 Metaspace       used 34688K, capacity 35200K, committed 35456K, reserved 1081344K
  class space    used 4298K, capacity 4424K, committed 4480K, reserved 1048576K
Event: 17.663 GC heap after
Heap after GC invocations=11 (full 1):
 PSYoungGen      total 192512K, used 9710K [0x00000000d5d00000, 0x00000000e2780000, 0x0000000100000000)
  eden space 182784K, 0% used [0x00000000d5d00000,0x00000000d5d00000,0x00000000e0f80000)
  from space 9728K, 99% used [0x00000000e1d80000,0x00000000e26fb8b8,0x00000000e2700000)
  to   space 12288K, 0% used [0x00000000e0f80000,0x00000000e0f80000,0x00000000e1b80000)
 ParOldGen       total 52736K, used 13497K [0x0000000081600000, 0x0000000084980000, 0x00000000d5d00000)
  object space 52736K, 25% used [0x0000000081600000,0x000000008232e5c8,0x0000000084980000)
 Metaspace       used 34688K, capacity 35200K, committed 35456K, reserved 1081344K
  class space    used 4298K, capacity 4424K, committed 4480K, reserved 1048576K
}
Event: 17.663 GC heap before
{Heap before GC invocations=12 (full 2):
 PSYoungGen      total 192512K, used 9710K [0x00000000d5d00000, 0x00000000e2780000, 0x0000000100000000)
  eden space 182784K, 0% used [0x00000000d5d00000,0x00000000d5d00000,0x00000000e0f80000)
  from space 9728K, 99% used [0x00000000e1d80000,0x00000000e26fb8b8,0x00000000e2700000)
  to   space 12288K, 0% used [0x00000000e0f80000,0x00000000e0f80000,0x00000000e1b80000)
 ParOldGen       total 52736K, used 13497K [0x0000000081600000, 0x0000000084980000, 0x00000000d5d00000)
  object space 52736K, 25% used [0x0000000081600000,0x000000008232e5c8,0x0000000084980000)
 Metaspace       used 34688K, capacity 35200K, committed 35456K, reserved 1081344K
  class space    used 4298K, capacity 4424K, committed 4480K, reserved 1048576K
Event: 17.700 GC heap after
Heap after GC invocations=12 (full 2):
 PSYoungGen      total 192512K, used 0K [0x00000000d5d00000, 0x00000000e2780000, 0x0000000100000000)
  eden space 182784K, 0% used [0x00000000d5d00000,0x00000000d5d00000,0x00000000e0f80000)
  from space 9728K, 0% used [0x00000000e1d80000,0x00000000e1d80000,0x00000000e2700000)
  to   space 12288K, 0% used [0x00000000e0f80000,0x00000000e0f80000,0x00000000e1b80000)
 ParOldGen       total 77824K, used 19731K [0x0000000081600000, 0x0000000086200000, 0x00000000d5d00000)
  object space 77824K, 25% used [0x0000000081600000,0x0000000082944cb0,0x0000000086200000)
 Metaspace       used 34688K, capacity 35200K, committed 35456K, reserved 1081344K
  class space    used 4298K, capacity 4424K, committed 4480K, reserved 1048576K
}
Event: 19.486 GC heap before
{Heap before GC invocations=13 (full 2):
 PSYoungGen      total 192512K, used 182784K [0x00000000d5d00000, 0x00000000e2780000, 0x0000000100000000)
  eden space 182784K, 100% used [0x00000000d5d00000,0x00000000e0f80000,0x00000000e0f80000)
  from space 9728K, 0% used [0x00000000e1d80000,0x00000000e1d80000,0x00000000e2700000)
  to   space 12288K, 0% used [0x00000000e0f80000,0x00000000e0f80000,0x00000000e1b80000)
 ParOldGen       total 77824K, used 19731K [0x0000000081600000, 0x0000000086200000, 0x00000000d5d00000)
  object space 77824K, 25% used [0x0000000081600000,0x0000000082944cb0,0x0000000086200000)
 Metaspace       used 38853K, capacity 39452K, committed 39808K, reserved 1083392K
  class space    used 4854K, capacity 4978K, committed 4992K, reserved 1048576K
Event: 19.499 GC heap after
Heap after GC invocations=13 (full 2):
 PSYoungGen      total 195072K, used 11045K [0x00000000d5d00000, 0x00000000e7400000, 0x0000000100000000)
  eden space 182784K, 0% used [0x00000000d5d00000,0x00000000d5d00000,0x00000000e0f80000)
  from space 12288K, 89% used [0x00000000e0f80000,0x00000000e1a49618,0x00000000e1b80000)
  to   space 13312K, 0% used [0x00000000e6700000,0x00000000e6700000,0x00000000e7400000)
 ParOldGen       total 77824K, used 19739K [0x0000000081600000, 0x0000000086200000, 0x00000000d5d00000)
  object space 77824K, 25% used [0x0000000081600000,0x0000000082946cb0,0x0000000086200000)
 Metaspace       used 38853K, capacity 39452K, committed 39808K, reserved 1083392K
  class space    used 4854K, capacity 4978K, committed 4992K, reserved 1048576K
}

